Arguments: 
  /usr/local/bin/node /Users/nishimweelysee/.yarn/bin/yarn.js install

PATH: 
  /Users/nishimweelysee/.yarn/bin:/Users/nishimweelysee/.config/yarn/global/node_modules/.bin:/opt/homebrew/bin:/opt/homebrew/sbin:/usr/local/bin:/System/Cryptexes/App/usr/bin:/usr/bin:/bin:/usr/sbin:/sbin:/usr/local/go/bin:/usr/local/share/dotnet:/opt/X11/bin:~/.dotnet/tools:/Library/Apple/usr/bin:/Library/Frameworks/Mono.framework/Versions/Current/Commands:/Users/nishimweelysee/.zsh/misc:/Users/nishimweelysee/.yarn/bin:/Users/nishimweelysee/.config/yarn/global/node_modules/.bin:/opt/homebrew/bin:/opt/homebrew/sbin

Yarn version: 
  1.22.19

Node version: 
  14.21.3

Platform: 
  darwin x64

Trace: 
  Error: getaddrinfo ENOTFOUND registry.yarnpkg.com
      at GetAddrInfoReqWrap.onlookup [as oncomplete] (dns.js:71:26)

npm manifest: 
  {
    "name": "viaje",
    "version": "0.1.0",
    "homepage": "http://codingeek.io/react/viaje/",
    "private": true,
    "dependencies": {
      "@testing-library/jest-dom": "^4.2.4",
      "@testing-library/react": "^9.4.0",
      "@testing-library/user-event": "^7.2.1",
      "google-maps-react": "^2.0.2",
      "html-react-parser": "^0.10.1",
      "nodemailer": "^6.9.1",
      "nodemailer-react": "^1.0.2",
      "owl.carousel": "^2.3.4",
      "react": "^16.12.0",
      "react-dom": "^16.12.0",
      "react-router-dom": "^5.1.2",
      "react-scripts": "3.4.0",
      "wowjs": "^1.1.3"
    },
    "scripts": {
      "start": "PORT=3006 react-scripts start",
      "build": "react-scripts build",
      "test": "react-scripts test",
      "eject": "react-scripts eject"
    },
    "eslintConfig": {
      "extends": "react-app"
    },
    "browserslist": {
      "production": [
        ">0.2%",
        "not dead",
        "not op_mini all"
      ],
      "development": [
        "last 1 chrome version",
        "last 1 firefox version",
        "last 1 safari version"
      ]
    }
  }

yarn manifest: 
  No manifest

Lockfile: 
  No lockfile
